2023/01/29 10:40:44 [notice] 1#1: using the "epoll" event method
2023/01/29 10:40:44 [notice] 1#1: nginx/1.23.3
2023/01/29 10:40:44 [notice] 1#1: built by gcc 10.2.1 20210110 (Debian 10.2.1-6) 
2023/01/29 10:40:44 [notice] 1#1: OS: Linux 5.15.49-linuxkit
2023/01/29 10:40:44 [notice] 1#1: getrlimit(RLIMIT_NOFILE): 1048576:1048576
2023/01/29 10:40:44 [notice] 1#1: start worker processes
2023/01/29 10:40:44 [notice] 1#1: start worker process 20
2023/01/29 10:40:44 [notice] 1#1: start worker process 21
2023/01/29 10:40:44 [notice] 1#1: start worker process 22
2023/01/29 10:40:44 [notice] 1#1: start worker process 23
2023/01/29 10:41:40 [error] 20#20: *1 rewrite or internal redirection cycle while internally redirecting to "/index.html", client: 172.19.0.1, server: localhost, request: "GET / HTTP/1.1", host: "localhost"
2023/01/29 10:46:03 [notice] 1#1: signal 3 (SIGQUIT) received, shutting down
2023/01/29 10:46:03 [notice] 20#20: gracefully shutting down
2023/01/29 10:46:03 [notice] 20#20: exiting
2023/01/29 10:46:03 [notice] 23#23: gracefully shutting down
2023/01/29 10:46:03 [notice] 22#22: gracefully shutting down
2023/01/29 10:46:03 [notice] 22#22: exiting
2023/01/29 10:46:03 [notice] 21#21: gracefully shutting down
2023/01/29 10:46:03 [notice] 20#20: exit
2023/01/29 10:46:03 [notice] 23#23: exiting
2023/01/29 10:46:03 [notice] 23#23: exit
2023/01/29 10:46:03 [notice] 22#22: exit
2023/01/29 10:46:03 [notice] 21#21: exiting
2023/01/29 10:46:03 [notice] 21#21: exit
2023/01/29 10:46:03 [notice] 1#1: signal 17 (SIGCHLD) received from 22
2023/01/29 10:46:03 [notice] 1#1: worker process 20 exited with code 0
2023/01/29 10:46:03 [notice] 1#1: worker process 22 exited with code 0
2023/01/29 10:46:03 [notice] 1#1: signal 29 (SIGIO) received
2023/01/29 10:46:03 [notice] 1#1: signal 17 (SIGCHLD) received from 23
2023/01/29 10:46:03 [notice] 1#1: worker process 23 exited with code 0
2023/01/29 10:46:03 [notice] 1#1: signal 29 (SIGIO) received
2023/01/29 10:46:03 [notice] 1#1: signal 17 (SIGCHLD) received from 21
2023/01/29 10:46:03 [notice] 1#1: worker process 21 exited with code 0
2023/01/29 10:46:03 [notice] 1#1: exit
2023/01/29 10:48:06 [notice] 1#1: using the "epoll" event method
2023/01/29 10:48:06 [notice] 1#1: nginx/1.23.3
2023/01/29 10:48:06 [notice] 1#1: built by gcc 10.2.1 20210110 (Debian 10.2.1-6) 
2023/01/29 10:48:06 [notice] 1#1: OS: Linux 5.15.49-linuxkit
2023/01/29 10:48:06 [notice] 1#1: getrlimit(RLIMIT_NOFILE): 1048576:1048576
2023/01/29 10:48:06 [notice] 1#1: start worker processes
2023/01/29 10:48:06 [notice] 1#1: start worker process 20
2023/01/29 10:48:06 [notice] 1#1: start worker process 21
2023/01/29 10:48:06 [notice] 1#1: start worker process 22
2023/01/29 10:48:06 [notice] 1#1: start worker process 23
2023/01/29 10:53:04 [error] 20#20: *1 rewrite or internal redirection cycle while internally redirecting to "/index.html", client: 172.19.0.1, server: localhost, request: "GET / HTTP/1.1", host: "localhost"
2023/01/29 10:53:05 [error] 21#21: *2 rewrite or internal redirection cycle while internally redirecting to "/index.html", client: 172.19.0.1, server: localhost, request: "GET / HTTP/1.1", host: "localhost"
2023/01/29 10:54:09 [notice] 1#1: signal 3 (SIGQUIT) received, shutting down
2023/01/29 10:54:09 [notice] 20#20: gracefully shutting down
2023/01/29 10:54:09 [notice] 21#21: gracefully shutting down
2023/01/29 10:54:09 [notice] 21#21: exiting
2023/01/29 10:54:09 [notice] 22#22: gracefully shutting down
2023/01/29 10:54:09 [notice] 23#23: gracefully shutting down
2023/01/29 10:54:09 [notice] 20#20: exiting
2023/01/29 10:54:09 [notice] 21#21: exit
2023/01/29 10:54:09 [notice] 22#22: exiting
2023/01/29 10:54:09 [notice] 23#23: exiting
2023/01/29 10:54:09 [notice] 20#20: exit
2023/01/29 10:54:09 [notice] 22#22: exit
2023/01/29 10:54:09 [notice] 23#23: exit
2023/01/29 10:54:09 [notice] 1#1: signal 17 (SIGCHLD) received from 21
2023/01/29 10:54:09 [notice] 1#1: worker process 21 exited with code 0
2023/01/29 10:54:09 [notice] 1#1: signal 29 (SIGIO) received
2023/01/29 10:54:09 [notice] 1#1: signal 17 (SIGCHLD) received from 22
2023/01/29 10:54:09 [notice] 1#1: worker process 22 exited with code 0
2023/01/29 10:54:09 [notice] 1#1: signal 29 (SIGIO) received
2023/01/29 10:54:09 [notice] 1#1: signal 17 (SIGCHLD) received from 23
2023/01/29 10:54:09 [notice] 1#1: worker process 20 exited with code 0
2023/01/29 10:54:09 [notice] 1#1: worker process 23 exited with code 0
2023/01/29 10:54:09 [notice] 1#1: exit
2023/01/29 10:57:08 [notice] 1#1: using the "epoll" event method
2023/01/29 10:57:08 [notice] 1#1: nginx/1.23.3
2023/01/29 10:57:08 [notice] 1#1: built by gcc 10.2.1 20210110 (Debian 10.2.1-6) 
2023/01/29 10:57:08 [notice] 1#1: OS: Linux 5.15.49-linuxkit
2023/01/29 10:57:08 [notice] 1#1: getrlimit(RLIMIT_NOFILE): 1048576:1048576
2023/01/29 10:57:08 [notice] 1#1: start worker processes
2023/01/29 10:57:08 [notice] 1#1: start worker process 20
2023/01/29 10:57:08 [notice] 1#1: start worker process 21
2023/01/29 10:57:08 [notice] 1#1: start worker process 22
2023/01/29 10:57:08 [notice] 1#1: start worker process 23
2023/01/29 10:57:40 [error] 20#20: *1 rewrite or internal redirection cycle while internally redirecting to "/index.html", client: 172.19.0.1, server: localhost, request: "GET / HTTP/1.1", host: "localhost"
2023/01/29 10:58:09 [error] 21#21: *2 rewrite or internal redirection cycle while internally redirecting to "/index.html", client: 172.19.0.1, server: localhost, request: "GET / HTTP/1.1", host: "localhost"
2023/01/29 10:59:03 [notice] 1#1: signal 3 (SIGQUIT) received, shutting down
2023/01/29 10:59:03 [notice] 21#21: gracefully shutting down
2023/01/29 10:59:03 [notice] 20#20: gracefully shutting down
2023/01/29 10:59:03 [notice] 22#22: gracefully shutting down
2023/01/29 10:59:03 [notice] 22#22: exiting
2023/01/29 10:59:03 [notice] 23#23: gracefully shutting down
2023/01/29 10:59:03 [notice] 21#21: exiting
2023/01/29 10:59:03 [notice] 20#20: exiting
2023/01/29 10:59:03 [notice] 22#22: exit
2023/01/29 10:59:03 [notice] 23#23: exiting
2023/01/29 10:59:03 [notice] 21#21: exit
2023/01/29 10:59:03 [notice] 20#20: exit
2023/01/29 10:59:03 [notice] 23#23: exit
2023/01/29 10:59:04 [notice] 1#1: signal 17 (SIGCHLD) received from 21
2023/01/29 10:59:04 [notice] 1#1: worker process 20 exited with code 0
2023/01/29 10:59:04 [notice] 1#1: worker process 21 exited with code 0
2023/01/29 10:59:04 [notice] 1#1: worker process 22 exited with code 0
2023/01/29 10:59:04 [notice] 1#1: signal 29 (SIGIO) received
2023/01/29 10:59:04 [notice] 1#1: signal 17 (SIGCHLD) received from 23
2023/01/29 10:59:04 [notice] 1#1: worker process 23 exited with code 0
2023/01/29 10:59:04 [notice] 1#1: exit
2023/01/29 11:01:06 [notice] 1#1: using the "epoll" event method
2023/01/29 11:01:06 [notice] 1#1: nginx/1.23.3
2023/01/29 11:01:06 [notice] 1#1: built by gcc 10.2.1 20210110 (Debian 10.2.1-6) 
2023/01/29 11:01:06 [notice] 1#1: OS: Linux 5.15.49-linuxkit
2023/01/29 11:01:06 [notice] 1#1: getrlimit(RLIMIT_NOFILE): 1048576:1048576
2023/01/29 11:01:06 [notice] 1#1: start worker processes
2023/01/29 11:01:06 [notice] 1#1: start worker process 20
2023/01/29 11:01:06 [notice] 1#1: start worker process 21
2023/01/29 11:01:06 [notice] 1#1: start worker process 22
2023/01/29 11:01:06 [notice] 1#1: start worker process 23
2023/01/29 11:01:22 [error] 21#21: *1 directory index of "/var/www/html/" is forbidden, client: 172.19.0.1, server: localhost, request: "GET / HTTP/1.1", host: "localhost"
2023/01/29 11:08:37 [notice] 1#1: signal 3 (SIGQUIT) received, shutting down
2023/01/29 11:08:37 [notice] 21#21: gracefully shutting down
2023/01/29 11:08:37 [notice] 22#22: gracefully shutting down
2023/01/29 11:08:37 [notice] 22#22: exiting
2023/01/29 11:08:37 [notice] 20#20: gracefully shutting down
2023/01/29 11:08:37 [notice] 23#23: gracefully shutting down
2023/01/29 11:08:37 [notice] 21#21: exiting
2023/01/29 11:08:37 [notice] 22#22: exit
2023/01/29 11:08:37 [notice] 20#20: exiting
2023/01/29 11:08:37 [notice] 20#20: exit
2023/01/29 11:08:37 [notice] 23#23: exiting
2023/01/29 11:08:37 [notice] 21#21: exit
2023/01/29 11:08:37 [notice] 23#23: exit
2023/01/29 11:08:37 [notice] 1#1: signal 17 (SIGCHLD) received from 22
2023/01/29 11:08:37 [notice] 1#1: worker process 20 exited with code 0
2023/01/29 11:08:37 [notice] 1#1: worker process 22 exited with code 0
2023/01/29 11:08:37 [notice] 1#1: worker process 21 exited with code 0
2023/01/29 11:08:37 [notice] 1#1: signal 29 (SIGIO) received
2023/01/29 11:08:37 [notice] 1#1: signal 17 (SIGCHLD) received from 20
2023/01/29 11:08:37 [notice] 1#1: signal 17 (SIGCHLD) received from 23
2023/01/29 11:08:37 [notice] 1#1: worker process 23 exited with code 0
2023/01/29 11:08:37 [notice] 1#1: exit
2023/01/29 11:08:54 [notice] 1#1: using the "epoll" event method
2023/01/29 11:08:54 [notice] 1#1: nginx/1.23.3
2023/01/29 11:08:54 [notice] 1#1: built by gcc 10.2.1 20210110 (Debian 10.2.1-6) 
2023/01/29 11:08:54 [notice] 1#1: OS: Linux 5.15.49-linuxkit
2023/01/29 11:08:54 [notice] 1#1: getrlimit(RLIMIT_NOFILE): 1048576:1048576
2023/01/29 11:08:54 [notice] 1#1: start worker processes
2023/01/29 11:08:54 [notice] 1#1: start worker process 20
2023/01/29 11:08:54 [notice] 1#1: start worker process 21
2023/01/29 11:08:54 [notice] 1#1: start worker process 22
2023/01/29 11:08:54 [notice] 1#1: start worker process 23
2023/01/29 11:09:06 [error] 20#20: *1 directory index of "/var/www/html/" is forbidden, client: 172.19.0.1, server: localhost, request: "GET / HTTP/1.1", host: "localhost"
2023/01/29 11:09:26 [notice] 1#1: signal 3 (SIGQUIT) received, shutting down
2023/01/29 11:09:26 [notice] 20#20: gracefully shutting down
2023/01/29 11:09:26 [notice] 22#22: gracefully shutting down
2023/01/29 11:09:26 [notice] 23#23: gracefully shutting down
2023/01/29 11:09:26 [notice] 21#21: gracefully shutting down
2023/01/29 11:09:26 [notice] 20#20: exiting
2023/01/29 11:09:26 [notice] 22#22: exiting
2023/01/29 11:09:26 [notice] 23#23: exiting
2023/01/29 11:09:26 [notice] 23#23: exit
2023/01/29 11:09:26 [notice] 21#21: exiting
2023/01/29 11:09:26 [notice] 20#20: exit
2023/01/29 11:09:26 [notice] 22#22: exit
2023/01/29 11:09:26 [notice] 21#21: exit
2023/01/29 11:09:26 [notice] 1#1: signal 17 (SIGCHLD) received from 23
2023/01/29 11:09:26 [notice] 1#1: worker process 23 exited with code 0
2023/01/29 11:09:26 [notice] 1#1: signal 29 (SIGIO) received
2023/01/29 11:09:26 [notice] 1#1: signal 17 (SIGCHLD) received from 20
2023/01/29 11:09:26 [notice] 1#1: worker process 20 exited with code 0
2023/01/29 11:09:26 [notice] 1#1: worker process 22 exited with code 0
2023/01/29 11:09:26 [notice] 1#1: signal 29 (SIGIO) received
2023/01/29 11:09:26 [notice] 1#1: signal 17 (SIGCHLD) received from 22
2023/01/29 11:09:26 [notice] 1#1: signal 17 (SIGCHLD) received from 21
2023/01/29 11:09:26 [notice] 1#1: worker process 21 exited with code 0
2023/01/29 11:09:26 [notice] 1#1: exit
2023/01/29 11:16:19 [notice] 1#1: using the "epoll" event method
2023/01/29 11:16:19 [notice] 1#1: nginx/1.23.3
2023/01/29 11:16:19 [notice] 1#1: built by gcc 10.2.1 20210110 (Debian 10.2.1-6) 
2023/01/29 11:16:19 [notice] 1#1: OS: Linux 5.15.49-linuxkit
2023/01/29 11:16:19 [notice] 1#1: getrlimit(RLIMIT_NOFILE): 1048576:1048576
2023/01/29 11:16:19 [notice] 1#1: start worker processes
2023/01/29 11:16:19 [notice] 1#1: start worker process 19
2023/01/29 11:16:19 [notice] 1#1: start worker process 20
2023/01/29 11:16:19 [notice] 1#1: start worker process 21
2023/01/29 11:16:19 [notice] 1#1: start worker process 22
2023/01/29 11:16:48 [error] 19#19: *1 directory index of "/var/www/html/" is forbidden, client: 172.19.0.1, server: localhost, request: "GET / HTTP/1.1", host: "localhost"
2023/01/29 11:17:24 [notice] 1#1: signal 3 (SIGQUIT) received, shutting down
2023/01/29 11:17:24 [notice] 19#19: gracefully shutting down
2023/01/29 11:17:24 [notice] 20#20: gracefully shutting down
2023/01/29 11:17:24 [notice] 21#21: gracefully shutting down
2023/01/29 11:17:24 [notice] 21#21: exiting
2023/01/29 11:17:24 [notice] 22#22: gracefully shutting down
2023/01/29 11:17:24 [notice] 19#19: exiting
2023/01/29 11:17:24 [notice] 20#20: exiting
2023/01/29 11:17:24 [notice] 21#21: exit
2023/01/29 11:17:24 [notice] 22#22: exiting
2023/01/29 11:17:24 [notice] 19#19: exit
2023/01/29 11:17:24 [notice] 20#20: exit
2023/01/29 11:17:24 [notice] 22#22: exit
2023/01/29 11:17:24 [notice] 1#1: signal 17 (SIGCHLD) received from 21
2023/01/29 11:17:24 [notice] 1#1: worker process 21 exited with code 0
2023/01/29 11:17:24 [notice] 1#1: signal 29 (SIGIO) received
2023/01/29 11:17:24 [notice] 1#1: signal 17 (SIGCHLD) received from 20
2023/01/29 11:17:24 [notice] 1#1: worker process 19 exited with code 0
2023/01/29 11:17:24 [notice] 1#1: worker process 20 exited with code 0
2023/01/29 11:17:24 [notice] 1#1: signal 29 (SIGIO) received
2023/01/29 11:17:24 [notice] 1#1: signal 17 (SIGCHLD) received from 22
2023/01/29 11:17:24 [notice] 1#1: worker process 22 exited with code 0
2023/01/29 11:17:24 [notice] 1#1: exit
2023/01/29 11:27:27 [notice] 1#1: using the "epoll" event method
2023/01/29 11:27:27 [notice] 1#1: nginx/1.23.3
2023/01/29 11:27:27 [notice] 1#1: built by gcc 10.2.1 20210110 (Debian 10.2.1-6) 
2023/01/29 11:27:27 [notice] 1#1: OS: Linux 5.15.49-linuxkit
2023/01/29 11:27:27 [notice] 1#1: getrlimit(RLIMIT_NOFILE): 1048576:1048576
2023/01/29 11:27:27 [notice] 1#1: start worker processes
2023/01/29 11:27:27 [notice] 1#1: start worker process 20
2023/01/29 11:27:27 [notice] 1#1: start worker process 21
2023/01/29 11:27:27 [notice] 1#1: start worker process 22
2023/01/29 11:27:27 [notice] 1#1: start worker process 23
2023/01/29 11:27:46 [error] 20#20: *1 directory index of "/var/www/html/" is forbidden, client: 172.19.0.1, server: localhost, request: "GET / HTTP/1.1", host: "localhost"
2023/01/29 11:29:06 [error] 21#21: *2 directory index of "/var/www/html/" is forbidden, client: 172.19.0.1, server: localhost, request: "GET / HTTP/1.1", host: "localhost"
2023/01/29 11:30:39 [notice] 1#1: signal 3 (SIGQUIT) received, shutting down
2023/01/29 11:30:39 [notice] 21#21: gracefully shutting down
2023/01/29 11:30:39 [notice] 21#21: exiting
2023/01/29 11:30:39 [notice] 20#20: gracefully shutting down
2023/01/29 11:30:39 [notice] 22#22: gracefully shutting down
2023/01/29 11:30:39 [notice] 23#23: gracefully shutting down
2023/01/29 11:30:39 [notice] 21#21: exit
2023/01/29 11:30:39 [notice] 20#20: exiting
2023/01/29 11:30:39 [notice] 22#22: exiting
2023/01/29 11:30:39 [notice] 23#23: exiting
2023/01/29 11:30:39 [notice] 20#20: exit
2023/01/29 11:30:39 [notice] 22#22: exit
2023/01/29 11:30:39 [notice] 23#23: exit
2023/01/29 11:30:39 [notice] 1#1: signal 17 (SIGCHLD) received from 20
2023/01/29 11:30:39 [notice] 1#1: worker process 20 exited with code 0
2023/01/29 11:30:39 [notice] 1#1: signal 29 (SIGIO) received
2023/01/29 11:30:39 [notice] 1#1: signal 17 (SIGCHLD) received from 23
2023/01/29 11:30:39 [notice] 1#1: worker process 23 exited with code 0
2023/01/29 11:30:39 [notice] 1#1: signal 29 (SIGIO) received
2023/01/29 11:30:39 [notice] 1#1: signal 17 (SIGCHLD) received from 21
2023/01/29 11:30:39 [notice] 1#1: worker process 21 exited with code 0
2023/01/29 11:30:39 [notice] 1#1: signal 29 (SIGIO) received
2023/01/29 11:30:39 [notice] 1#1: signal 17 (SIGCHLD) received from 22
2023/01/29 11:30:39 [notice] 1#1: worker process 22 exited with code 0
2023/01/29 11:30:39 [notice] 1#1: exit
2023/01/29 11:36:18 [notice] 1#1: using the "epoll" event method
2023/01/29 11:36:18 [notice] 1#1: nginx/1.23.3
2023/01/29 11:36:18 [notice] 1#1: built by gcc 10.2.1 20210110 (Debian 10.2.1-6) 
2023/01/29 11:36:18 [notice] 1#1: OS: Linux 5.15.49-linuxkit
2023/01/29 11:36:18 [notice] 1#1: getrlimit(RLIMIT_NOFILE): 1048576:1048576
2023/01/29 11:36:18 [notice] 1#1: start worker processes
2023/01/29 11:36:18 [notice] 1#1: start worker process 20
2023/01/29 11:36:18 [notice] 1#1: start worker process 21
2023/01/29 11:36:18 [notice] 1#1: start worker process 22
2023/01/29 11:36:18 [notice] 1#1: start worker process 23
2023/01/29 11:48:42 [error] 20#20: *1 directory index of "/var/www/html/" is forbidden, client: 172.19.0.1, server: localhost, request: "GET / HTTP/1.1", host: "localhost"
2023/01/29 11:54:59 [notice] 1#1: signal 3 (SIGQUIT) received, shutting down
2023/01/29 11:54:59 [notice] 23#23: gracefully shutting down
2023/01/29 11:54:59 [notice] 23#23: exiting
2023/01/29 11:54:59 [notice] 22#22: gracefully shutting down
2023/01/29 11:54:59 [notice] 20#20: gracefully shutting down
2023/01/29 11:54:59 [notice] 21#21: gracefully shutting down
2023/01/29 11:54:59 [notice] 23#23: exit
2023/01/29 11:54:59 [notice] 22#22: exiting
2023/01/29 11:54:59 [notice] 20#20: exiting
2023/01/29 11:54:59 [notice] 21#21: exiting
2023/01/29 11:54:59 [notice] 22#22: exit
2023/01/29 11:54:59 [notice] 20#20: exit
2023/01/29 11:54:59 [notice] 21#21: exit
2023/01/29 11:54:59 [notice] 1#1: signal 17 (SIGCHLD) received from 23
2023/01/29 11:54:59 [notice] 1#1: worker process 22 exited with code 0
2023/01/29 11:54:59 [notice] 1#1: worker process 23 exited with code 0
2023/01/29 11:54:59 [notice] 1#1: signal 29 (SIGIO) received
2023/01/29 11:54:59 [notice] 1#1: signal 17 (SIGCHLD) received from 20
2023/01/29 11:54:59 [notice] 1#1: worker process 20 exited with code 0
2023/01/29 11:54:59 [notice] 1#1: worker process 21 exited with code 0
2023/01/29 11:54:59 [notice] 1#1: exit
2023/01/29 11:55:35 [notice] 1#1: using the "epoll" event method
2023/01/29 11:55:35 [notice] 1#1: nginx/1.23.3
2023/01/29 11:55:35 [notice] 1#1: built by gcc 10.2.1 20210110 (Debian 10.2.1-6) 
2023/01/29 11:55:35 [notice] 1#1: OS: Linux 5.15.49-linuxkit
2023/01/29 11:55:35 [notice] 1#1: getrlimit(RLIMIT_NOFILE): 1048576:1048576
2023/01/29 11:55:35 [notice] 1#1: start worker processes
2023/01/29 11:55:35 [notice] 1#1: start worker process 21
2023/01/29 11:55:35 [notice] 1#1: start worker process 22
2023/01/29 11:55:35 [notice] 1#1: start worker process 23
2023/01/29 11:55:35 [notice] 1#1: start worker process 24
2023/01/29 12:35:03 [error] 23#23: *3 rewrite or internal redirection cycle while internally redirecting to "/index.html", client: 172.19.0.1, server: localhost, request: "GET /manifest.json HTTP/1.1", host: "localhost", referrer: "http://localhost/"
2023/01/29 12:35:05 [error] 24#24: *4 rewrite or internal redirection cycle while internally redirecting to "/index.html", client: 172.19.0.1, server: localhost, request: "GET /manifest.json HTTP/1.1", host: "localhost", referrer: "http://localhost/"
2023/01/29 12:35:05 [error] 21#21: *5 rewrite or internal redirection cycle while internally redirecting to "/index.html", client: 172.19.0.1, server: localhost, request: "GET /manifest.json HTTP/1.1", host: "localhost", referrer: "http://localhost/"
2023/01/29 12:35:06 [error] 22#22: *6 rewrite or internal redirection cycle while internally redirecting to "/index.html", client: 172.19.0.1, server: localhost, request: "GET /manifest.json HTTP/1.1", host: "localhost", referrer: "http://localhost/"
2023/01/29 12:35:07 [error] 21#21: *7 rewrite or internal redirection cycle while internally redirecting to "/index.html", client: 172.19.0.1, server: localhost, request: "GET /manifest.json HTTP/1.1", host: "localhost", referrer: "http://localhost/"
2023/01/29 13:16:18 [error] 21#21: *9 rewrite or internal redirection cycle while internally redirecting to "/index.html", client: 172.19.0.1, server: localhost, request: "GET /manifest.json HTTP/1.1", host: "localhost", referrer: "http://localhost/"
2023/01/29 13:16:19 [error] 21#21: *10 rewrite or internal redirection cycle while internally redirecting to "/index.html", client: 172.19.0.1, server: localhost, request: "GET /manifest.json HTTP/1.1", host: "localhost", referrer: "http://localhost/"
2023/01/29 13:16:53 [notice] 1#1: signal 3 (SIGQUIT) received, shutting down
2023/01/29 13:16:53 [notice] 21#21: gracefully shutting down
2023/01/29 13:16:53 [notice] 22#22: gracefully shutting down
2023/01/29 13:16:53 [notice] 23#23: gracefully shutting down
2023/01/29 13:16:53 [notice] 24#24: gracefully shutting down
2023/01/29 13:16:53 [notice] 21#21: exiting
2023/01/29 13:16:53 [notice] 23#23: exiting
2023/01/29 13:16:53 [notice] 24#24: exiting
2023/01/29 13:16:53 [notice] 21#21: exit
2023/01/29 13:16:53 [notice] 23#23: exit
2023/01/29 13:16:53 [notice] 24#24: exit
2023/01/29 13:16:53 [notice] 1#1: signal 17 (SIGCHLD) received from 23
2023/01/29 13:16:53 [notice] 1#1: worker process 23 exited with code 0
2023/01/29 13:16:53 [notice] 1#1: signal 29 (SIGIO) received
2023/01/29 13:16:53 [notice] 1#1: signal 17 (SIGCHLD) received from 21
2023/01/29 13:16:53 [notice] 1#1: worker process 21 exited with code 0
2023/01/29 13:16:53 [notice] 1#1: worker process 24 exited with code 0
2023/01/29 13:16:53 [notice] 1#1: signal 29 (SIGIO) received
2023/01/29 13:16:55 [notice] 22#22: exiting
2023/01/29 13:16:55 [notice] 22#22: exit
2023/01/29 13:16:55 [notice] 1#1: signal 17 (SIGCHLD) received from 22
2023/01/29 13:16:55 [notice] 1#1: worker process 22 exited with code 0
2023/01/29 13:16:55 [notice] 1#1: exit
2023/01/29 13:20:26 [notice] 1#1: using the "epoll" event method
2023/01/29 13:20:26 [notice] 1#1: nginx/1.23.3
2023/01/29 13:20:26 [notice] 1#1: built by gcc 10.2.1 20210110 (Debian 10.2.1-6) 
2023/01/29 13:20:26 [notice] 1#1: OS: Linux 5.15.49-linuxkit
2023/01/29 13:20:26 [notice] 1#1: getrlimit(RLIMIT_NOFILE): 1048576:1048576
2023/01/29 13:20:26 [notice] 1#1: start worker processes
2023/01/29 13:20:26 [notice] 1#1: start worker process 20
2023/01/29 13:20:26 [notice] 1#1: start worker process 21
2023/01/29 13:20:26 [notice] 1#1: start worker process 22
2023/01/29 13:20:26 [notice] 1#1: start worker process 23
2023/01/29 13:23:49 [notice] 1#1: signal 3 (SIGQUIT) received, shutting down
2023/01/29 13:23:49 [notice] 20#20: gracefully shutting down
2023/01/29 13:23:49 [notice] 21#21: gracefully shutting down
2023/01/29 13:23:49 [notice] 23#23: gracefully shutting down
2023/01/29 13:23:49 [notice] 22#22: gracefully shutting down
2023/01/29 13:23:49 [notice] 20#20: exiting
2023/01/29 13:23:49 [notice] 21#21: exiting
2023/01/29 13:23:49 [notice] 21#21: exit
2023/01/29 13:23:49 [notice] 23#23: exiting
2023/01/29 13:23:49 [notice] 22#22: exiting
2023/01/29 13:23:49 [notice] 20#20: exit
2023/01/29 13:23:49 [notice] 23#23: exit
2023/01/29 13:23:49 [notice] 22#22: exit
2023/01/29 13:23:49 [notice] 1#1: signal 17 (SIGCHLD) received from 20
2023/01/29 13:23:49 [notice] 1#1: worker process 20 exited with code 0
2023/01/29 13:23:49 [notice] 1#1: signal 29 (SIGIO) received
2023/01/29 13:23:49 [notice] 1#1: signal 17 (SIGCHLD) received from 21
2023/01/29 13:23:49 [notice] 1#1: worker process 21 exited with code 0
2023/01/29 13:23:49 [notice] 1#1: worker process 22 exited with code 0
2023/01/29 13:23:49 [notice] 1#1: worker process 23 exited with code 0
2023/01/29 13:23:49 [notice] 1#1: exit
2023/01/29 13:24:16 [notice] 1#1: using the "epoll" event method
2023/01/29 13:24:16 [notice] 1#1: nginx/1.23.3
2023/01/29 13:24:16 [notice] 1#1: built by gcc 10.2.1 20210110 (Debian 10.2.1-6) 
2023/01/29 13:24:16 [notice] 1#1: OS: Linux 5.15.49-linuxkit
2023/01/29 13:24:16 [notice] 1#1: getrlimit(RLIMIT_NOFILE): 1048576:1048576
2023/01/29 13:24:16 [notice] 1#1: start worker processes
2023/01/29 13:24:16 [notice] 1#1: start worker process 19
2023/01/29 13:24:16 [notice] 1#1: start worker process 20
2023/01/29 13:24:16 [notice] 1#1: start worker process 21
2023/01/29 13:24:16 [notice] 1#1: start worker process 22
2023/01/29 13:24:25 [notice] 1#1: signal 3 (SIGQUIT) received, shutting down
2023/01/29 13:24:25 [notice] 19#19: gracefully shutting down
2023/01/29 13:24:25 [notice] 22#22: gracefully shutting down
2023/01/29 13:24:25 [notice] 20#20: gracefully shutting down
2023/01/29 13:24:25 [notice] 21#21: gracefully shutting down
2023/01/29 13:24:25 [notice] 19#19: exiting
2023/01/29 13:24:25 [notice] 19#19: exit
2023/01/29 13:24:25 [notice] 22#22: exiting
2023/01/29 13:24:25 [notice] 20#20: exiting
2023/01/29 13:24:25 [notice] 21#21: exiting
2023/01/29 13:24:25 [notice] 22#22: exit
2023/01/29 13:24:25 [notice] 20#20: exit
2023/01/29 13:24:25 [notice] 21#21: exit
2023/01/29 13:24:25 [notice] 1#1: signal 17 (SIGCHLD) received from 19
2023/01/29 13:24:25 [notice] 1#1: worker process 19 exited with code 0
2023/01/29 13:24:25 [notice] 1#1: signal 29 (SIGIO) received
2023/01/29 13:24:25 [notice] 1#1: signal 17 (SIGCHLD) received from 20
2023/01/29 13:24:25 [notice] 1#1: worker process 20 exited with code 0
2023/01/29 13:24:25 [notice] 1#1: signal 29 (SIGIO) received
2023/01/29 13:24:25 [notice] 1#1: signal 17 (SIGCHLD) received from 22
2023/01/29 13:24:25 [notice] 1#1: worker process 22 exited with code 0
2023/01/29 13:24:25 [notice] 1#1: signal 29 (SIGIO) received
2023/01/29 13:24:25 [notice] 1#1: signal 17 (SIGCHLD) received from 21
2023/01/29 13:24:25 [notice] 1#1: worker process 21 exited with code 0
2023/01/29 13:24:25 [notice] 1#1: exit
2023/01/29 13:25:10 [notice] 1#1: using the "epoll" event method
2023/01/29 13:25:10 [notice] 1#1: nginx/1.23.3
2023/01/29 13:25:10 [notice] 1#1: built by gcc 10.2.1 20210110 (Debian 10.2.1-6) 
2023/01/29 13:25:10 [notice] 1#1: OS: Linux 5.15.49-linuxkit
2023/01/29 13:25:10 [notice] 1#1: getrlimit(RLIMIT_NOFILE): 1048576:1048576
2023/01/29 13:25:10 [notice] 1#1: start worker processes
2023/01/29 13:25:10 [notice] 1#1: start worker process 20
2023/01/29 13:25:10 [notice] 1#1: start worker process 21
2023/01/29 13:25:10 [notice] 1#1: start worker process 22
2023/01/29 13:25:10 [notice] 1#1: start worker process 23
2023/01/29 13:25:22 [notice] 1#1: signal 3 (SIGQUIT) received, shutting down
2023/01/29 13:25:22 [notice] 21#21: gracefully shutting down
2023/01/29 13:25:22 [notice] 23#23: gracefully shutting down
2023/01/29 13:25:22 [notice] 20#20: gracefully shutting down
2023/01/29 13:25:22 [notice] 22#22: gracefully shutting down
2023/01/29 13:25:22 [notice] 21#21: exiting
2023/01/29 13:25:22 [notice] 23#23: exiting
2023/01/29 13:25:22 [notice] 23#23: exit
2023/01/29 13:25:22 [notice] 20#20: exiting
2023/01/29 13:25:22 [notice] 22#22: exiting
2023/01/29 13:25:22 [notice] 21#21: exit
2023/01/29 13:25:22 [notice] 20#20: exit
2023/01/29 13:25:22 [notice] 22#22: exit
2023/01/29 13:25:22 [notice] 1#1: signal 17 (SIGCHLD) received from 23
2023/01/29 13:25:22 [notice] 1#1: worker process 23 exited with code 0
2023/01/29 13:25:22 [notice] 1#1: signal 29 (SIGIO) received
2023/01/29 13:25:22 [notice] 1#1: signal 17 (SIGCHLD) received from 20
2023/01/29 13:25:22 [notice] 1#1: worker process 20 exited with code 0
2023/01/29 13:25:22 [notice] 1#1: signal 29 (SIGIO) received
2023/01/29 13:25:22 [notice] 1#1: signal 17 (SIGCHLD) received from 21
2023/01/29 13:25:22 [notice] 1#1: worker process 21 exited with code 0
2023/01/29 13:25:22 [notice] 1#1: worker process 22 exited with code 0
2023/01/29 13:25:22 [notice] 1#1: exit
2023/01/29 13:50:50 [notice] 1#1: using the "epoll" event method
2023/01/29 13:50:50 [notice] 1#1: nginx/1.23.3
2023/01/29 13:50:50 [notice] 1#1: built by gcc 10.2.1 20210110 (Debian 10.2.1-6) 
2023/01/29 13:50:50 [notice] 1#1: OS: Linux 5.15.49-linuxkit
2023/01/29 13:50:50 [notice] 1#1: getrlimit(RLIMIT_NOFILE): 1048576:1048576
2023/01/29 13:50:50 [notice] 1#1: start worker processes
2023/01/29 13:50:50 [notice] 1#1: start worker process 20
2023/01/29 13:50:50 [notice] 1#1: start worker process 21
2023/01/29 13:50:50 [notice] 1#1: start worker process 22
2023/01/29 13:50:50 [notice] 1#1: start worker process 23
2023/01/29 13:54:19 [notice] 1#1: signal 3 (SIGQUIT) received, shutting down
2023/01/29 13:54:19 [notice] 23#23: gracefully shutting down
2023/01/29 13:54:19 [notice] 23#23: exiting
2023/01/29 13:54:19 [notice] 22#22: gracefully shutting down
2023/01/29 13:54:19 [notice] 21#21: gracefully shutting down
2023/01/29 13:54:19 [notice] 20#20: gracefully shutting down
2023/01/29 13:54:19 [notice] 23#23: exit
2023/01/29 13:54:19 [notice] 22#22: exiting
2023/01/29 13:54:19 [notice] 21#21: exiting
2023/01/29 13:54:19 [notice] 20#20: exiting
2023/01/29 13:54:19 [notice] 22#22: exit
2023/01/29 13:54:19 [notice] 21#21: exit
2023/01/29 13:54:19 [notice] 20#20: exit
2023/01/29 13:54:19 [notice] 1#1: signal 17 (SIGCHLD) received from 22
2023/01/29 13:54:19 [notice] 1#1: worker process 22 exited with code 0
2023/01/29 13:54:19 [notice] 1#1: signal 29 (SIGIO) received
2023/01/29 13:54:19 [notice] 1#1: signal 17 (SIGCHLD) received from 21
2023/01/29 13:54:19 [notice] 1#1: worker process 20 exited with code 0
2023/01/29 13:54:19 [notice] 1#1: worker process 21 exited with code 0
2023/01/29 13:54:19 [notice] 1#1: signal 29 (SIGIO) received
2023/01/29 13:54:19 [notice] 1#1: signal 17 (SIGCHLD) received from 20
2023/01/29 13:54:19 [notice] 1#1: worker process 23 exited with code 0
2023/01/29 13:54:19 [notice] 1#1: exit
2023/01/29 13:55:26 [notice] 1#1: using the "epoll" event method
2023/01/29 13:55:26 [notice] 1#1: nginx/1.23.3
2023/01/29 13:55:26 [notice] 1#1: built by gcc 10.2.1 20210110 (Debian 10.2.1-6) 
2023/01/29 13:55:26 [notice] 1#1: OS: Linux 5.15.49-linuxkit
2023/01/29 13:55:26 [notice] 1#1: getrlimit(RLIMIT_NOFILE): 1048576:1048576
2023/01/29 13:55:26 [notice] 1#1: start worker processes
2023/01/29 13:55:26 [notice] 1#1: start worker process 19
2023/01/29 13:55:26 [notice] 1#1: start worker process 20
2023/01/29 13:55:26 [notice] 1#1: start worker process 21
2023/01/29 13:55:26 [notice] 1#1: start worker process 22
2023/01/29 14:12:13 [notice] 1#1: signal 3 (SIGQUIT) received, shutting down
2023/01/29 14:12:13 [notice] 20#20: gracefully shutting down
2023/01/29 14:12:13 [notice] 19#19: gracefully shutting down
2023/01/29 14:12:13 [notice] 19#19: exiting
2023/01/29 14:12:13 [notice] 21#21: gracefully shutting down
2023/01/29 14:12:13 [notice] 22#22: gracefully shutting down
2023/01/29 14:12:13 [notice] 20#20: exiting
2023/01/29 14:12:13 [notice] 19#19: exit
2023/01/29 14:12:13 [notice] 21#21: exiting
2023/01/29 14:12:13 [notice] 21#21: exit
2023/01/29 14:12:13 [notice] 22#22: exiting
2023/01/29 14:12:13 [notice] 20#20: exit
2023/01/29 14:12:13 [notice] 22#22: exit
2023/01/29 14:12:13 [notice] 1#1: signal 17 (SIGCHLD) received from 19
2023/01/29 14:12:13 [notice] 1#1: worker process 19 exited with code 0
2023/01/29 14:12:13 [notice] 1#1: worker process 20 exited with code 0
2023/01/29 14:12:13 [notice] 1#1: worker process 21 exited with code 0
2023/01/29 14:12:13 [notice] 1#1: worker process 22 exited with code 0
2023/01/29 14:12:13 [notice] 1#1: exit
2023/01/29 15:53:11 [notice] 1#1: using the "epoll" event method
2023/01/29 15:53:11 [notice] 1#1: nginx/1.23.3
2023/01/29 15:53:11 [notice] 1#1: built by gcc 10.2.1 20210110 (Debian 10.2.1-6) 
2023/01/29 15:53:11 [notice] 1#1: OS: Linux 5.15.49-linuxkit
2023/01/29 15:53:11 [notice] 1#1: getrlimit(RLIMIT_NOFILE): 1048576:1048576
2023/01/29 15:53:11 [notice] 1#1: start worker processes
2023/01/29 15:53:11 [notice] 1#1: start worker process 20
2023/01/29 15:53:11 [notice] 1#1: start worker process 21
2023/01/29 15:53:11 [notice] 1#1: start worker process 22
2023/01/29 15:53:11 [notice] 1#1: start worker process 23
2023/01/29 16:00:36 [notice] 1#1: signal 3 (SIGQUIT) received, shutting down
2023/01/29 16:00:36 [notice] 20#20: gracefully shutting down
2023/01/29 16:00:36 [notice] 21#21: gracefully shutting down
2023/01/29 16:00:36 [notice] 23#23: gracefully shutting down
2023/01/29 16:00:36 [notice] 22#22: gracefully shutting down
2023/01/29 16:00:36 [notice] 22#22: exiting
2023/01/29 16:00:36 [notice] 20#20: exiting
2023/01/29 16:00:36 [notice] 21#21: exiting
2023/01/29 16:00:36 [notice] 23#23: exiting
2023/01/29 16:00:36 [notice] 22#22: exit
2023/01/29 16:00:36 [notice] 20#20: exit
2023/01/29 16:00:36 [notice] 21#21: exit
2023/01/29 16:00:36 [notice] 23#23: exit
2023/01/29 16:00:36 [notice] 1#1: signal 17 (SIGCHLD) received from 22
2023/01/29 16:00:36 [notice] 1#1: worker process 22 exited with code 0
2023/01/29 16:00:36 [notice] 1#1: signal 29 (SIGIO) received
2023/01/29 16:00:36 [notice] 1#1: signal 17 (SIGCHLD) received from 20
2023/01/29 16:00:36 [notice] 1#1: worker process 20 exited with code 0
2023/01/29 16:00:36 [notice] 1#1: signal 29 (SIGIO) received
2023/01/29 16:00:36 [notice] 1#1: signal 17 (SIGCHLD) received from 23
2023/01/29 16:00:36 [notice] 1#1: worker process 21 exited with code 0
2023/01/29 16:00:36 [notice] 1#1: worker process 23 exited with code 0
2023/01/29 16:00:36 [notice] 1#1: exit
2023/01/29 16:01:29 [notice] 1#1: using the "epoll" event method
2023/01/29 16:01:29 [notice] 1#1: nginx/1.23.3
2023/01/29 16:01:29 [notice] 1#1: built by gcc 10.2.1 20210110 (Debian 10.2.1-6) 
2023/01/29 16:01:29 [notice] 1#1: OS: Linux 5.15.49-linuxkit
2023/01/29 16:01:29 [notice] 1#1: getrlimit(RLIMIT_NOFILE): 1048576:1048576
2023/01/29 16:01:29 [notice] 1#1: start worker processes
2023/01/29 16:01:29 [notice] 1#1: start worker process 20
2023/01/29 16:01:29 [notice] 1#1: start worker process 21
2023/01/29 16:01:29 [notice] 1#1: start worker process 22
2023/01/29 16:01:29 [notice] 1#1: start worker process 23
2023/01/29 16:01:30 [notice] 1#1: signal 3 (SIGQUIT) received, shutting down
2023/01/29 16:01:30 [notice] 21#21: gracefully shutting down
2023/01/29 16:01:30 [notice] 21#21: exiting
2023/01/29 16:01:30 [notice] 22#22: gracefully shutting down
2023/01/29 16:01:30 [notice] 22#22: exiting
2023/01/29 16:01:30 [notice] 23#23: gracefully shutting down
2023/01/29 16:01:30 [notice] 23#23: exiting
2023/01/29 16:01:30 [notice] 20#20: gracefully shutting down
2023/01/29 16:01:30 [notice] 20#20: exiting
2023/01/29 16:01:30 [notice] 21#21: exit
2023/01/29 16:01:30 [notice] 22#22: exit
2023/01/29 16:01:30 [notice] 23#23: exit
2023/01/29 16:01:30 [notice] 20#20: exit
2023/01/29 16:01:30 [notice] 1#1: signal 17 (SIGCHLD) received from 21
2023/01/29 16:01:30 [notice] 1#1: worker process 21 exited with code 0
2023/01/29 16:01:30 [notice] 1#1: worker process 22 exited with code 0
2023/01/29 16:01:30 [notice] 1#1: signal 29 (SIGIO) received
2023/01/29 16:01:30 [notice] 1#1: signal 17 (SIGCHLD) received from 20
2023/01/29 16:01:30 [notice] 1#1: worker process 20 exited with code 0
2023/01/29 16:01:30 [notice] 1#1: signal 29 (SIGIO) received
2023/01/29 16:01:30 [notice] 1#1: signal 17 (SIGCHLD) received from 23
2023/01/29 16:01:30 [notice] 1#1: worker process 23 exited with code 0
2023/01/29 16:01:30 [notice] 1#1: exit
2023/01/29 16:04:05 [notice] 1#1: using the "epoll" event method
2023/01/29 16:04:05 [notice] 1#1: nginx/1.23.3
2023/01/29 16:04:05 [notice] 1#1: built by gcc 10.2.1 20210110 (Debian 10.2.1-6) 
2023/01/29 16:04:05 [notice] 1#1: OS: Linux 5.15.49-linuxkit
2023/01/29 16:04:05 [notice] 1#1: getrlimit(RLIMIT_NOFILE): 1048576:1048576
2023/01/29 16:04:05 [notice] 1#1: start worker processes
2023/01/29 16:04:05 [notice] 1#1: start worker process 20
2023/01/29 16:04:05 [notice] 1#1: start worker process 21
2023/01/29 16:04:05 [notice] 1#1: start worker process 22
2023/01/29 16:04:05 [notice] 1#1: start worker process 23
2023/01/29 16:05:01 [notice] 1#1: signal 3 (SIGQUIT) received, shutting down
2023/01/29 16:05:01 [notice] 20#20: gracefully shutting down
2023/01/29 16:05:01 [notice] 21#21: gracefully shutting down
2023/01/29 16:05:01 [notice] 21#21: exiting
2023/01/29 16:05:01 [notice] 23#23: gracefully shutting down
2023/01/29 16:05:01 [notice] 23#23: exiting
2023/01/29 16:05:01 [notice] 22#22: gracefully shutting down
2023/01/29 16:05:01 [notice] 20#20: exiting
2023/01/29 16:05:01 [notice] 21#21: exit
2023/01/29 16:05:01 [notice] 23#23: exit
2023/01/29 16:05:01 [notice] 22#22: exiting
2023/01/29 16:05:01 [notice] 20#20: exit
2023/01/29 16:05:01 [notice] 22#22: exit
2023/01/29 16:05:01 [notice] 1#1: signal 17 (SIGCHLD) received from 23
2023/01/29 16:05:01 [notice] 1#1: worker process 23 exited with code 0
2023/01/29 16:05:01 [notice] 1#1: signal 29 (SIGIO) received
2023/01/29 16:05:01 [notice] 1#1: signal 17 (SIGCHLD) received from 22
2023/01/29 16:05:01 [notice] 1#1: worker process 21 exited with code 0
2023/01/29 16:05:01 [notice] 1#1: worker process 22 exited with code 0
2023/01/29 16:05:01 [notice] 1#1: signal 29 (SIGIO) received
2023/01/29 16:05:01 [notice] 1#1: signal 17 (SIGCHLD) received from 20
2023/01/29 16:05:01 [notice] 1#1: worker process 20 exited with code 0
2023/01/29 16:05:01 [notice] 1#1: exit
